  1 1 ./data/* 1
  2 1 ./data/* 1
  3 1 ./data/* 1
  4 1 ./data/* 1
  5 1 ./data/* 1
  6 1 ./data/* 1
  7 1 ./data/* 1
  8 1 ./data/* 1
  9 1 ./data/* 1
 10 1 ./data/* 1
 11 1 ./data/* 1
 12 1 ./data/* 1
 13 1 ./data/* 1
 14 1 ./data/* 1
 15 1 ./data/* 1
 16 1 ./data/* 1
 17 1 ./data/* 1
 18 1 ./data/* 1
 19 1 ./data/* 1
 20 1 ./data/* 1
 21 1 ./data/* 1
 22 1 ./data/* 1
 23 1 ./data/* 1
 24 1 ./data/* 1
 25 1 ./data/* 1
 26 1 ./data/* 1
 27 1 ./data/* 1
 28 1 ./data/* 1
 29 1 ./data/* 1
 30 1 ./data/* 1
